[0.016s] Invoking command in '/home/mohamed/ros2_urdf_course/src/build/my_robot_description': CMAKE_PREFIX_PATH=${CMAKE_PREFIX_PATH}:/home/mohamed/Master-ROS-2-course/install/my_py_pkg:/home/mohamed/Master-ROS-2-course/install/catch_them_all_py:/opt/ros/humble /usr/bin/cmake /home/mohamed/ros2_urdf_course/src/my_robot_description -DCMAKE_INSTALL_PREFIX=/home/mohamed/ros2_urdf_course/src/install/my_robot_description
[0.091s] -- The C compiler identification is GNU 11.4.0
[0.166s] -- The CXX compiler identification is GNU 11.4.0
[0.174s] -- Detecting C compiler ABI info
[0.232s] -- Detecting C compiler ABI info - done
[0.238s] -- Check for working C compiler: /usr/bin/cc - skipped
[0.239s] -- Detecting C compile features
[0.239s] -- Detecting C compile features - done
[0.242s] -- Detecting CXX compiler ABI info
[0.307s] -- Detecting CXX compiler ABI info - done
[0.313s] -- Check for working CXX compiler: /usr/bin/c++ - skipped
[0.313s] -- Detecting CXX compile features
[0.314s] -- Detecting CXX compile features - done
[0.317s] -- Found ament_cmake: 1.3.8 (/opt/ros/humble/share/ament_cmake/cmake)
[0.455s] -- Found Python3: /usr/bin/python3 (found version "3.10.12") found components: Interpreter 
[0.594s] -- Configuring done
[0.596s] -- Generating done
[0.597s] -- Build files have been written to: /home/mohamed/ros2_urdf_course/src/build/my_robot_description
[0.600s] Invoked command in '/home/mohamed/ros2_urdf_course/src/build/my_robot_description' returned '0': CMAKE_PREFIX_PATH=${CMAKE_PREFIX_PATH}:/home/mohamed/Master-ROS-2-course/install/my_py_pkg:/home/mohamed/Master-ROS-2-course/install/catch_them_all_py:/opt/ros/humble /usr/bin/cmake /home/mohamed/ros2_urdf_course/src/my_robot_description -DCMAKE_INSTALL_PREFIX=/home/mohamed/ros2_urdf_course/src/install/my_robot_description
[0.602s] Invoking command in '/home/mohamed/ros2_urdf_course/src/build/my_robot_description': CMAKE_PREFIX_PATH=${CMAKE_PREFIX_PATH}:/home/mohamed/Master-ROS-2-course/install/my_py_pkg:/home/mohamed/Master-ROS-2-course/install/catch_them_all_py:/opt/ros/humble /usr/bin/cmake --build /home/mohamed/ros2_urdf_course/src/build/my_robot_description -- -j8 -l8
[0.632s] Invoked command in '/home/mohamed/ros2_urdf_course/src/build/my_robot_description' returned '0': CMAKE_PREFIX_PATH=${CMAKE_PREFIX_PATH}:/home/mohamed/Master-ROS-2-course/install/my_py_pkg:/home/mohamed/Master-ROS-2-course/install/catch_them_all_py:/opt/ros/humble /usr/bin/cmake --build /home/mohamed/ros2_urdf_course/src/build/my_robot_description -- -j8 -l8
[0.656s] Invoking command in '/home/mohamed/ros2_urdf_course/src/build/my_robot_description': CMAKE_PREFIX_PATH=${CMAKE_PREFIX_PATH}:/home/mohamed/Master-ROS-2-course/install/my_py_pkg:/home/mohamed/Master-ROS-2-course/install/catch_them_all_py:/opt/ros/humble /usr/bin/cmake --install /home/mohamed/ros2_urdf_course/src/build/my_robot_description
[0.663s] -- Install configuration: ""
[0.664s] -- Installing: /home/mohamed/ros2_urdf_course/src/install/my_robot_description/share/my_robot_description//urdf
[0.664s] -- Installing: /home/mohamed/ros2_urdf_course/src/install/my_robot_description/share/my_robot_description//urdf/my_robot.urdf
[0.664s] -- Installing: /home/mohamed/ros2_urdf_course/src/install/my_robot_description/share/ament_index/resource_index/package_run_dependencies/my_robot_description
[0.664s] -- Installing: /home/mohamed/ros2_urdf_course/src/install/my_robot_description/share/ament_index/resource_index/parent_prefix_path/my_robot_description
[0.664s] -- Installing: /home/mohamed/ros2_urdf_course/src/install/my_robot_description/share/my_robot_description/environment/ament_prefix_path.sh
[0.664s] -- Installing: /home/mohamed/ros2_urdf_course/src/install/my_robot_description/share/my_robot_description/environment/ament_prefix_path.dsv
[0.664s] -- Installing: /home/mohamed/ros2_urdf_course/src/install/my_robot_description/share/my_robot_description/environment/path.sh
[0.664s] -- Installing: /home/mohamed/ros2_urdf_course/src/install/my_robot_description/share/my_robot_description/environment/path.dsv
[0.664s] -- Installing: /home/mohamed/ros2_urdf_course/src/install/my_robot_description/share/my_robot_description/local_setup.bash
[0.664s] -- Installing: /home/mohamed/ros2_urdf_course/src/install/my_robot_description/share/my_robot_description/local_setup.sh
[0.664s] -- Installing: /home/mohamed/ros2_urdf_course/src/install/my_robot_description/share/my_robot_description/local_setup.zsh
[0.664s] -- Installing: /home/mohamed/ros2_urdf_course/src/install/my_robot_description/share/my_robot_description/local_setup.dsv
[0.664s] -- Installing: /home/mohamed/ros2_urdf_course/src/install/my_robot_description/share/my_robot_description/package.dsv
[0.665s] -- Installing: /home/mohamed/ros2_urdf_course/src/install/my_robot_description/share/ament_index/resource_index/packages/my_robot_description
[0.665s] -- Installing: /home/mohamed/ros2_urdf_course/src/install/my_robot_description/share/my_robot_description/cmake/my_robot_descriptionConfig.cmake
[0.665s] -- Installing: /home/mohamed/ros2_urdf_course/src/install/my_robot_description/share/my_robot_description/cmake/my_robot_descriptionConfig-version.cmake
[0.665s] -- Installing: /home/mohamed/ros2_urdf_course/src/install/my_robot_description/share/my_robot_description/package.xml
[0.667s] Invoked command in '/home/mohamed/ros2_urdf_course/src/build/my_robot_description' returned '0': CMAKE_PREFIX_PATH=${CMAKE_PREFIX_PATH}:/home/mohamed/Master-ROS-2-course/install/my_py_pkg:/home/mohamed/Master-ROS-2-course/install/catch_them_all_py:/opt/ros/humble /usr/bin/cmake --install /home/mohamed/ros2_urdf_course/src/build/my_robot_description
